<?xml version="1.0" encoding="UTF-8"?>
<!-- Generated by org.testng.reporters.JUnitReportReporter -->
<testsuite hostname="AS" failures="0" tests="1" name="testcases.LoginTest" time="130.115" errors="0" timestamp="2025-04-19T21:38:42 IST" skipped="0">
  <testcase classname="testcases.LoginTest" name="validLogintest" time="130.115"/>
</testsuite> <!-- testcases.LoginTest -->
